2022-08-26 15:16:16,576 [INFO] Activator:177 - 


2022-08-26 15:16:16,578 [INFO] Activator:178 - !SESSION log4j initialized
2022-08-26 15:16:22,365 [INFO] McuFinderGlobals:44 - Set McuFinder mode to 2 (CubeIDE integrated)
2022-08-26 15:16:27,563 [INFO] ApplicationProperties:181 - Using Application install path: C:\ST\STM32CubeIDE_1.10.1\STM32CubeIDE\plugins\com.st.stm32cube.common.mx_6.6.1.202207061420
2022-08-26 15:16:27,616 [INFO] DbMcusXml:77 - Set database path to: C:\ST\STM32CubeIDE_1.10.1\STM32CubeIDE\plugins\com.st.stm32cube.common.mx_6.6.1.202207061420\\db\/mcu/
2022-08-26 15:16:27,618 [INFO] ApiDb:269 - Set plugin database path to: C:\ST\STM32CubeIDE_1.10.1\STM32CubeIDE\plugins\com.st.stm32cube.common.mx_6.6.1.202207061420\\db\/plugins/boardmanager/
2022-08-26 15:16:27,626 [WARN] ApiDb:254 - Overriding images path with different value:  => C:\ST\STM32CubeIDE_1.10.1\STM32CubeIDE\plugins\com.st.stm32cube.common.mx_6.6.1.202207061420\\db\/plugins/mcufinder/images/
2022-08-26 15:16:27,711 [INFO] ApiDb:249 - Set database path to: C:\Users\ebraun\.stmcufinder\plugins\mcufinder//mcu/
2022-08-26 15:16:27,714 [INFO] DbMcusAds:124 - Set database path to: C:\Users\ebraun\.stmcufinder\plugins\mcufinder//mcu/
2022-08-26 15:16:27,721 [INFO] CrossReferenceDbSqlite:201 - Set database path to: C:\Users\ebraun\.stmcufinder\plugins\mcufinder//mcu/cs/
2022-08-26 15:16:28,105 [INFO] RulesReader:61 - Compatibility file has been processed (282 Rules)
2022-08-26 15:16:28,509 [INFO] DbMcusXml:77 - Set database path to: C:\ST\STM32CubeIDE_1.10.1\STM32CubeIDE\plugins\com.st.stm32cube.common.mx_6.6.1.202207061420\\db\/mcu/
2022-08-26 15:16:28,509 [INFO] ApiDb:269 - Set plugin database path to: C:\ST\STM32CubeIDE_1.10.1\STM32CubeIDE\plugins\com.st.stm32cube.common.mx_6.6.1.202207061420\\db\/plugins/boardmanager/
2022-08-26 15:16:28,509 [INFO] ApiDb:256 - Set plugin images path to: C:\ST\STM32CubeIDE_1.10.1\STM32CubeIDE\plugins\com.st.stm32cube.common.mx_6.6.1.202207061420\\db\/plugins/mcufinder/images/
2022-08-26 15:16:28,510 [WARN] DbFile:40 - Overriding database path with different value: C:\Users\ebraun\.stmcufinder\plugins\mcufinder/ => C:\Users\ebraun\.stmcufinder\plugins\mcufinder
2022-08-26 15:16:28,510 [INFO] ApiDb:249 - Set database path to: C:\Users\ebraun\.stmcufinder\plugins\mcufinder//mcu/
2022-08-26 15:16:28,510 [WARN] DbFile:40 - Overriding database path with different value: C:\Users\ebraun\.stmcufinder\plugins\mcufinder/ => C:\Users\ebraun\.stmcufinder\plugins\mcufinder
2022-08-26 15:16:28,511 [INFO] DbMcusAds:124 - Set database path to: C:\Users\ebraun\.stmcufinder\plugins\mcufinder//mcu/
2022-08-26 15:16:28,512 [WARN] DbFile:40 - Overriding database path with different value: C:\Users\ebraun\.stmcufinder\plugins\mcufinder/ => C:\Users\ebraun\.stmcufinder\plugins\mcufinder
2022-08-26 15:16:28,512 [WARN] DbFile:40 - Overriding database path with different value: C:\Users\ebraun\.stmcufinder\plugins\mcufinder/ => C:\Users\ebraun\.stmcufinder\plugins\mcufinder
2022-08-26 15:16:28,512 [INFO] CrossReferenceDbSqlite:201 - Set database path to: C:\Users\ebraun\.stmcufinder\plugins\mcufinder//mcu/cs/
2022-08-26 15:16:28,800 [INFO] MainPanel:242 - HeapMemory: 268435456
2022-08-26 15:16:29,071 [INFO] DbMcusXml:77 - Set database path to: C:\ST\STM32CubeIDE_1.10.1\STM32CubeIDE\plugins\com.st.stm32cube.common.mx_6.6.1.202207061420\\db\/mcu/
2022-08-26 15:16:29,072 [INFO] ApiDb:269 - Set plugin database path to: C:\ST\STM32CubeIDE_1.10.1\STM32CubeIDE\plugins\com.st.stm32cube.common.mx_6.6.1.202207061420\\db\/plugins/boardmanager/
2022-08-26 15:16:29,072 [INFO] ApiDb:256 - Set plugin images path to: C:\ST\STM32CubeIDE_1.10.1\STM32CubeIDE\plugins\com.st.stm32cube.common.mx_6.6.1.202207061420\\db\/plugins/mcufinder/images/
2022-08-26 15:16:29,073 [WARN] DbFile:40 - Overriding database path with different value: C:\Users\ebraun\.stmcufinder\plugins\mcufinder/ => C:\Users\ebraun\.stmcufinder\plugins\mcufinder
2022-08-26 15:16:29,073 [INFO] ApiDb:249 - Set database path to: C:\Users\ebraun\.stmcufinder\plugins\mcufinder//mcu/
2022-08-26 15:16:29,073 [WARN] DbFile:40 - Overriding database path with different value: C:\Users\ebraun\.stmcufinder\plugins\mcufinder/ => C:\Users\ebraun\.stmcufinder\plugins\mcufinder
2022-08-26 15:16:29,073 [INFO] DbMcusAds:124 - Set database path to: C:\Users\ebraun\.stmcufinder\plugins\mcufinder//mcu/
2022-08-26 15:16:29,074 [WARN] DbFile:40 - Overriding database path with different value: C:\Users\ebraun\.stmcufinder\plugins\mcufinder/ => C:\Users\ebraun\.stmcufinder\plugins\mcufinder
2022-08-26 15:16:29,074 [WARN] DbFile:40 - Overriding database path with different value: C:\Users\ebraun\.stmcufinder\plugins\mcufinder/ => C:\Users\ebraun\.stmcufinder\plugins\mcufinder
2022-08-26 15:16:29,074 [INFO] CrossReferenceDbSqlite:201 - Set database path to: C:\Users\ebraun\.stmcufinder\plugins\mcufinder//mcu/cs/
2022-08-26 15:16:29,119 [INFO] ApplicationProperties:181 - Using Application install path: C:\ST\STM32CubeIDE_1.10.1\STM32CubeIDE\plugins\com.st.stm32cube.common.mx_6.6.1.202207061420
2022-08-26 15:16:29,122 [INFO] PluginManage:193 - Search for loadable plugins [exclusion list=, ]
2022-08-26 15:16:29,125 [INFO] PluginManage:307 - Check plugin analytics
2022-08-26 15:16:34,063 [INFO] AnalyticsPlugin:262 - Accepted Software Licenses: 
2022-08-26 15:16:34,103 [INFO] AnalyticsPlugin:264 - Accepted CMSIS Pack Licenses: 
2022-08-26 15:16:34,104 [INFO] AnalyticsPlugin:266 - Accepted Firmware Licenses: FW.WB.1.13.0
2022-08-26 15:16:34,145 [INFO] PluginManage:356 - Loaded plugin analytics (category:tool,tabindex:-1)
2022-08-26 15:16:34,145 [INFO] PluginManage:307 - Check plugin cadmodel
2022-08-26 15:16:34,198 [INFO] CADModel:65 - Init CAD model plugin
2022-08-26 15:16:34,198 [INFO] PluginManage:356 - Loaded plugin cadmodel (category:power,tabindex:5)
2022-08-26 15:16:34,199 [INFO] PluginManage:307 - Check plugin clock
2022-08-26 15:16:34,258 [INFO] PluginManage:356 - Loaded plugin clock (category:base,tabindex:2)
2022-08-26 15:16:34,258 [INFO] PluginManage:307 - Check plugin ddr
2022-08-26 15:16:34,287 [INFO] PluginManage:356 - Loaded plugin ddr (category:tool,tabindex:6)
2022-08-26 15:16:34,287 [INFO] PluginManage:307 - Check plugin filemanager
2022-08-26 15:16:34,793 [INFO] PluginManage:356 - Loaded plugin filemanager (category:base,tabindex:10)
2022-08-26 15:16:34,793 [INFO] PluginManage:307 - Check plugin ipmanager
2022-08-26 15:16:34,828 [INFO] PluginManage:356 - Loaded plugin ipmanager (category:base,tabindex:5)
2022-08-26 15:16:34,829 [INFO] PluginManage:307 - Check plugin lpbam
2022-08-26 15:16:34,880 [INFO] PluginManage:356 - Loaded plugin lpbam (category:base,tabindex:0)
2022-08-26 15:16:34,881 [INFO] PluginManage:307 - Check plugin pinoutandconfiguration
2022-08-26 15:16:34,904 [INFO] PluginManage:356 - Loaded plugin pinoutandconfiguration (category:base,tabindex:1)
2022-08-26 15:16:34,905 [INFO] PluginManage:307 - Check plugin pinoutconfig
2022-08-26 15:16:34,993 [INFO] PluginManage:356 - Loaded plugin pinoutconfig (category:base,tabindex:0)
2022-08-26 15:16:34,993 [INFO] PluginManage:307 - Check plugin power
2022-08-26 15:16:35,059 [INFO] PluginManage:356 - Loaded plugin power (category:power,tabindex:4)
2022-08-26 15:16:35,059 [INFO] PluginManage:307 - Check plugin projectmanager
2022-08-26 15:16:35,109 [INFO] PluginManage:356 - Loaded plugin projectmanager (category:projectmanager,tabindex:3)
2022-08-26 15:16:35,110 [INFO] PluginManage:307 - Check plugin thirdparty
2022-08-26 15:16:35,830 [WARN] IntegrityCheckThread:82 - waiting for thirdparty lock release [integrity check]
2022-08-26 15:16:35,830 [INFO] PluginManage:356 - Loaded plugin thirdparty (category:base,tabindex:-1)
2022-08-26 15:16:35,831 [INFO] IntegrityCheckThread:84 - entering critical section [integrity check]
2022-08-26 15:16:35,832 [INFO] PluginManage:307 - Check plugin tools
2022-08-26 15:16:35,834 [INFO] ThirdPartyUpdaterWithRetryManager:70 - Updater plugin not ready yet. [1/15]
2022-08-26 15:16:35,870 [INFO] PluginManage:356 - Loaded plugin tools (category:base,tabindex:7)
2022-08-26 15:16:35,871 [INFO] PluginManage:307 - Check plugin tutovideos
2022-08-26 15:16:36,465 [INFO] PluginManage:356 - Loaded plugin tutovideos (category:base,tabindex:-1)
2022-08-26 15:16:36,466 [INFO] PluginManage:307 - Check plugin updater
2022-08-26 15:16:36,508 [INFO] PluginManage:356 - Loaded plugin updater (category:base,tabindex:12)
2022-08-26 15:16:36,510 [INFO] PluginManage:280 - PluginManage : Loaded plugins [15]
2022-08-26 15:16:37,214 [INFO] PinOutPanel:1468 - setPackage(No Configuration,No Configuration)
2022-08-26 15:16:37,374 [INFO] CADModel:98 - CPN selected for project level
2022-08-26 15:16:37,442 [INFO] IPUIPlugin:79 - create IPUIPlugin
2022-08-26 15:16:37,443 [INFO] PluginManager:217 - loadIPPluginJar : add adc
2022-08-26 15:16:37,495 [INFO] IPUIPlugin:79 - create IPUIPlugin
2022-08-26 15:16:37,495 [INFO] PluginManager:217 - loadIPPluginJar : add aes
2022-08-26 15:16:37,562 [INFO] IPUIPlugin:79 - create IPUIPlugin
2022-08-26 15:16:37,562 [INFO] PluginManager:217 - loadIPPluginJar : add can
2022-08-26 15:16:37,626 [INFO] IPUIPlugin:79 - create IPUIPlugin
2022-08-26 15:16:37,626 [INFO] PluginManager:217 - loadIPPluginJar : add comp
2022-08-26 15:16:37,670 [INFO] IPUIPlugin:79 - create IPUIPlugin
2022-08-26 15:16:37,671 [INFO] PluginManager:217 - loadIPPluginJar : add cryp
2022-08-26 15:16:37,715 [INFO] IPUIPlugin:79 - create IPUIPlugin
2022-08-26 15:16:37,715 [INFO] PluginManager:217 - loadIPPluginJar : add dfsdm
2022-08-26 15:16:37,744 [INFO] IPUIPlugin:79 - create IPUIPlugin
2022-08-26 15:16:37,745 [INFO] PluginManager:217 - loadIPPluginJar : add dma
2022-08-26 15:16:37,822 [INFO] IPUIPlugin:79 - create IPUIPlugin
2022-08-26 15:16:37,823 [INFO] PluginManager:217 - loadIPPluginJar : add dma3
2022-08-26 15:16:37,853 [INFO] IPUIPlugin:79 - create IPUIPlugin
2022-08-26 15:16:37,853 [INFO] PluginManager:217 - loadIPPluginJar : add fatfs
2022-08-26 15:16:37,931 [INFO] IPUIPlugin:79 - create IPUIPlugin
2022-08-26 15:16:37,931 [INFO] PluginManager:217 - loadIPPluginJar : add fmc
2022-08-26 15:16:37,964 [INFO] IPUIPlugin:79 - create IPUIPlugin
2022-08-26 15:16:37,964 [INFO] PluginManager:217 - loadIPPluginJar : add freertos
2022-08-26 15:16:37,989 [INFO] IPUIPlugin:79 - create IPUIPlugin
2022-08-26 15:16:37,989 [INFO] PluginManager:217 - loadIPPluginJar : add genericplugin
2022-08-26 15:16:38,129 [INFO] IPUIPlugin:79 - create IPUIPlugin
2022-08-26 15:16:38,129 [INFO] PluginManager:217 - loadIPPluginJar : add gfxmmu
2022-08-26 15:16:38,296 [INFO] IPUIPlugin:79 - create IPUIPlugin
2022-08-26 15:16:38,296 [INFO] PluginManager:217 - loadIPPluginJar : add gic
2022-08-26 15:16:38,327 [INFO] IPUIPlugin:79 - create IPUIPlugin
2022-08-26 15:16:38,327 [INFO] PluginManager:217 - loadIPPluginJar : add gpio
2022-08-26 15:16:38,452 [INFO] IPUIPlugin:79 - create IPUIPlugin
2022-08-26 15:16:38,453 [INFO] PluginManager:217 - loadIPPluginJar : add gtzc
2022-08-26 15:16:38,503 [INFO] IPUIPlugin:79 - create IPUIPlugin
2022-08-26 15:16:38,503 [INFO] PluginManager:217 - loadIPPluginJar : add hash
2022-08-26 15:16:38,573 [INFO] IPUIPlugin:79 - create IPUIPlugin
2022-08-26 15:16:38,573 [INFO] PluginManager:217 - loadIPPluginJar : add i2c
2022-08-26 15:16:38,633 [INFO] IPUIPlugin:79 - create IPUIPlugin
2022-08-26 15:16:38,633 [INFO] PluginManager:217 - loadIPPluginJar : add i2s
2022-08-26 15:16:38,792 [INFO] IPUIPlugin:79 - create IPUIPlugin
2022-08-26 15:16:38,793 [INFO] PluginManager:217 - loadIPPluginJar : add ipddr
2022-08-26 15:16:38,844 [INFO] ThirdPartyUpdaterWithRetryManager:70 - Updater plugin not ready yet. [2/15]
2022-08-26 15:16:38,911 [INFO] IPUIPlugin:79 - create IPUIPlugin
2022-08-26 15:16:38,912 [INFO] PluginManager:217 - loadIPPluginJar : add linkedlist
2022-08-26 15:16:38,960 [INFO] IPUIPlugin:79 - create IPUIPlugin
2022-08-26 15:16:38,960 [INFO] PluginManager:217 - loadIPPluginJar : add lorawan
2022-08-26 15:16:39,029 [INFO] IPUIPlugin:79 - create IPUIPlugin
2022-08-26 15:16:39,029 [INFO] PluginManager:217 - loadIPPluginJar : add ltdc
2022-08-26 15:16:39,048 [INFO] IPUIPlugin:79 - create IPUIPlugin
2022-08-26 15:16:39,048 [INFO] PluginManager:217 - loadIPPluginJar : add mdma
2022-08-26 15:16:39,077 [INFO] IPUIPlugin:79 - create IPUIPlugin
2022-08-26 15:16:39,078 [INFO] PluginManager:217 - loadIPPluginJar : add nvic
2022-08-26 15:16:39,136 [INFO] IPUIPlugin:79 - create IPUIPlugin
2022-08-26 15:16:39,136 [INFO] PluginManager:217 - loadIPPluginJar : add opamp
2022-08-26 15:16:39,222 [INFO] IPUIPlugin:79 - create IPUIPlugin
2022-08-26 15:16:39,222 [INFO] PluginManager:217 - loadIPPluginJar : add openamp
2022-08-26 15:16:39,340 [INFO] IPUIPlugin:79 - create IPUIPlugin
2022-08-26 15:16:39,340 [INFO] PluginManager:217 - loadIPPluginJar : add pdm2pcm
2022-08-26 15:16:39,368 [INFO] IPUIPlugin:79 - create IPUIPlugin
2022-08-26 15:16:39,373 [INFO] PluginManager:217 - loadIPPluginJar : add plateformsettings
2022-08-26 15:16:39,407 [INFO] IPUIPlugin:79 - create IPUIPlugin
2022-08-26 15:16:39,407 [INFO] PluginManager:217 - loadIPPluginJar : add quadspi
2022-08-26 15:16:39,433 [INFO] IPUIPlugin:79 - create IPUIPlugin
2022-08-26 15:16:39,433 [INFO] PluginManager:217 - loadIPPluginJar : add resmgrutility
2022-08-26 15:16:39,502 [INFO] IPUIPlugin:79 - create IPUIPlugin
2022-08-26 15:16:39,503 [INFO] PluginManager:217 - loadIPPluginJar : add sai
2022-08-26 15:16:39,557 [INFO] IPUIPlugin:79 - create IPUIPlugin
2022-08-26 15:16:39,557 [INFO] PluginManager:217 - loadIPPluginJar : add spi
2022-08-26 15:16:39,630 [INFO] IPUIPlugin:79 - create IPUIPlugin
2022-08-26 15:16:39,630 [INFO] PluginManager:217 - loadIPPluginJar : add stm32_wpan
2022-08-26 15:16:39,668 [INFO] IPUIPlugin:79 - create IPUIPlugin
2022-08-26 15:16:39,669 [INFO] PluginManager:217 - loadIPPluginJar : add tim
2022-08-26 15:16:39,768 [INFO] IPUIPlugin:79 - create IPUIPlugin
2022-08-26 15:16:39,768 [INFO] PluginManager:217 - loadIPPluginJar : add touchsensing
2022-08-26 15:16:39,806 [INFO] IPUIPlugin:79 - create IPUIPlugin
2022-08-26 15:16:39,807 [INFO] PluginManager:217 - loadIPPluginJar : add tracer_emb
2022-08-26 15:16:39,838 [INFO] IPUIPlugin:79 - create IPUIPlugin
2022-08-26 15:16:39,839 [INFO] PluginManager:217 - loadIPPluginJar : add ts
2022-08-26 15:16:39,872 [INFO] IPUIPlugin:79 - create IPUIPlugin
2022-08-26 15:16:39,872 [INFO] PluginManager:217 - loadIPPluginJar : add tsc
2022-08-26 15:16:39,906 [INFO] IPUIPlugin:79 - create IPUIPlugin
2022-08-26 15:16:39,907 [INFO] PluginManager:217 - loadIPPluginJar : add ucpd
2022-08-26 15:16:39,970 [INFO] IPUIPlugin:79 - create IPUIPlugin
2022-08-26 15:16:39,970 [INFO] PluginManager:217 - loadIPPluginJar : add usart
2022-08-26 15:16:40,030 [INFO] IPUIPlugin:79 - create IPUIPlugin
2022-08-26 15:16:40,030 [INFO] PluginManager:217 - loadIPPluginJar : add usbx
2022-08-26 15:16:40,624 [FATAL] Updater:301 - Updater called before beeing initialized
2022-08-26 15:16:40,892 [FATAL] Updater:301 - Updater called before beeing initialized
2022-08-26 15:16:40,903 [INFO] DbMcusAds:52 - JSON generation date=Thu Sep 30 01:55:09 CDT 2021 (1632984909377)
2022-08-26 15:16:40,904 [FATAL] Updater:301 - Updater called before beeing initialized
2022-08-26 15:16:41,054 [WARN] DetailPanel:344 - Failed to get advertising image, set to default
2022-08-26 15:16:41,259 [FATAL] Updater:301 - Updater called before beeing initialized
2022-08-26 15:16:41,263 [FATAL] Updater:301 - Updater called before beeing initialized
2022-08-26 15:16:41,263 [FATAL] Updater:301 - Updater called before beeing initialized
2022-08-26 15:16:41,263 [WARN] DetailPanel:344 - Failed to get advertising image, set to default
2022-08-26 15:16:41,264 [FATAL] Updater:301 - Updater called before beeing initialized
2022-08-26 15:16:41,408 [ERROR] Updater:1105 - MainUpdater not yet initialized. External WinMGr cannot be set.
2022-08-26 15:16:41,429 [INFO] Updater:1041 - Updater Version found : 6.6.1
2022-08-26 15:16:41,470 [INFO] ApplicationProperties:181 - Using Application install path: C:\ST\STM32CubeIDE_1.10.1\STM32CubeIDE\plugins\com.st.stm32cube.common.mx_6.6.1.202207061420
2022-08-26 15:16:41,860 [INFO] ThirdPartyUpdaterWithRetryManager:70 - Updater plugin not ready yet. [3/15]
2022-08-26 15:16:41,931 [INFO] MainUpdater:2768 - connection check result : 10
2022-08-26 15:16:41,932 [INFO] MainUpdater:3453 - Updater definition file requires update
2022-08-26 15:16:41,935 [INFO] MainUpdater:280 - Updater Check For Update Now.
2022-08-26 15:16:41,935 [INFO] MicroXplorer:481 - Change Database Version : DB.6.0.60
2022-08-26 15:16:42,029 [INFO] ServerAccessManage:474 - Download File updaters.zip
2022-08-26 15:16:42,124 [INFO] FileExtend:239 - Unzip File : updaters.zip
2022-08-26 15:16:42,124 [INFO] FileExtend:254 - Standard Zip Deflate
2022-08-26 15:16:43,275 [INFO] ServerAccessManage:474 - Download File PacksControlFlags.xml
2022-08-26 15:16:43,479 [INFO] ServerAccessManage:474 - Download File cubemx.pidx
2022-08-26 15:16:44,639 [INFO] ServerAccessManage:474 - Download File STMicroelectronics.X-CUBE-ISPU.pdsc
2022-08-26 15:16:44,875 [WARN] MainUpdater:1184 - Updater busy. Cannot search thirdparties
2022-08-26 15:16:44,876 [INFO] ThirdPartyUpdaterWithRetryManager:96 - Updater plugin is busy. [1/15]
2022-08-26 15:16:46,130 [WARN] PackLoader:242 - Cannot read IP mode file for STMicroelectronics.X-CUBE-ISPU.1.0.0
2022-08-26 15:16:46,139 [INFO] PopulateThirdPartyThread:64 - Ending populate Thread
2022-08-26 15:16:46,142 [INFO] ThirdParty:981 - CMSIS Pack Vendor :STMicroelectronics X-CUBE-ISPU 1.0.0
2022-08-26 15:16:46,142 [INFO] LoadServerUpdatesThread:367 - End of LoadServerUpdate Thread
2022-08-26 15:16:46,229 [INFO] CheckServerUpdateThread:119 - End of CheckServer Thread
2022-08-26 15:16:46,287 [INFO] MainUpdater:2768 - connection check result : 10
2022-08-26 15:16:46,368 [INFO] McuFinderGlobals:57 - Set McuFinderConnectedMode to true
2022-08-26 15:16:46,677 [INFO] ServerAccessManage:474 - Download File mcusAds.json._tmp_
2022-08-26 15:16:46,890 [INFO] LoadUrlFilesThread:150 - End of LoadUrlFiles Thread
2022-08-26 15:16:46,994 [INFO] ServerAccessManage:474 - Download File cube-finder-db.zip
2022-08-26 15:16:47,881 [WARN] MainUpdater:1184 - Updater busy. Cannot search thirdparties
2022-08-26 15:16:47,881 [INFO] ThirdPartyUpdaterWithRetryManager:96 - Updater plugin is busy. [2/15]
2022-08-26 15:16:48,730 [INFO] FileExtend:239 - Unzip File : cube-finder-db.zip
2022-08-26 15:16:48,731 [INFO] FileExtend:254 - Standard Zip Deflate
2022-08-26 15:16:49,652 [INFO] LoadUrlFilesThread:150 - End of LoadUrlFiles Thread
2022-08-26 15:16:50,305 [INFO] ServerAccessManage:474 - Download File crdb.zip
2022-08-26 15:16:50,887 [WARN] MainUpdater:1184 - Updater busy. Cannot search thirdparties
2022-08-26 15:16:50,887 [INFO] ThirdPartyUpdaterWithRetryManager:96 - Updater plugin is busy. [3/15]
2022-08-26 15:16:51,032 [INFO] FileExtend:239 - Unzip File : crdb.zip
2022-08-26 15:16:51,033 [INFO] FileExtend:254 - Standard Zip Deflate
2022-08-26 15:16:51,187 [INFO] LoadUrlFilesThread:150 - End of LoadUrlFiles Thread
2022-08-26 15:16:51,320 [INFO] ServerAccessManage:474 - Download File tutoVideoDB.zip
2022-08-26 15:16:51,337 [INFO] FileExtend:239 - Unzip File : tutoVideoDB.zip
2022-08-26 15:16:51,338 [INFO] FileExtend:254 - Standard Zip Deflate
2022-08-26 15:16:51,462 [INFO] LoadUrlFilesThread:150 - End of LoadUrlFiles Thread
2022-08-26 15:16:51,507 [INFO] JxBrowserEngine:106 - Initiate JxBrowser Engine with user profile folder
2022-08-26 15:16:51,986 [ERROR] JxBrowserEngine:59 - Can't initiate JxBrowser engine com.teamdev.jxbrowser.engine.ChromiumBinariesExtractionException: Failed to extract Chromium binaries into C:\Users\ebraun\.stm32cubemx\.jxbrowser\Chromium
2022-08-26 15:16:51,988 [WARN] DbFile:40 - Overriding database path with different value: C:\Users\ebraun\.stmcufinder\plugins\mcufinder/ => C:\Users\ebraun\.stmcufinder\plugins\mcufinder
2022-08-26 15:16:52,106 [INFO] ServerAccessManage:474 - Download File api_config.json
2022-08-26 15:16:52,220 [INFO] LoadUrlFilesThread:150 - End of LoadUrlFiles Thread
2022-08-26 15:16:52,224 [INFO] DbMcusAds:52 - JSON generation date=Thu Sep 30 01:55:09 CDT 2021 (1632984909377)
2022-08-26 15:16:52,262 [INFO] LoadUrlFilesThread:177 - End of LoadServerUrlFiles without Thread
2022-08-26 15:16:52,263 [INFO] TargetSelectorAdapter:228 - Refresh data is successful
2022-08-26 15:16:52,676 [INFO] ApiDb:576 - Connected to CubeFinder SQLite database (C:\Users\ebraun\.stmcufinder\plugins\mcufinder\mcu\cube-finder-db.db)
2022-08-26 15:16:52,781 [INFO] ApiDb:663 - CubeFinder database Data Model version=2.1
2022-08-26 15:16:52,803 [INFO] ApiDb:664 - CubeFinder database Configuration version=3.0.32
2022-08-26 15:16:52,804 [INFO] ApiDb:665 - CubeFinder database generation date=2022-08-05 (1659688109)
2022-08-26 15:16:52,805 [INFO] ApiDb:666 - CubeFinder database FW Pack versions=[STM32Cube_FW_C0_V1.0.0, STM32Cube_FW_F4_V1.27.1, STM32Cube_FW_F7_V1.17.0, STM32Cube_FW_G0_V1.6.1, STM32Cube_FW_G4_V1.5.0, STM32Cube_FW_H7_V1.10.0, STM32Cube_FW_L5_V1.4.0, STM32Cube_FW_U5_V1.1.1, STM32Cube_FW_WB_V1.14.1, STM32Cube_FW_WL_V1.2.0, X-CUBE-ALGOBUILD_V1.3.0, X-CUBE-ALS_V1.0.1, X-CUBE-AZRTOS-F4_V1.1.0, X-CUBE-AZRTOS-F7_V1.1.0, X-CUBE-AZRTOS-G0_V1.1.0, X-CUBE-AZRTOS-G4_V1.0.0, X-CUBE-AZRTOS-H7_V2.1.0, X-CUBE-AZRTOS-L4_V1.0.0, X-CUBE-AZRTOS-L5_V1.0.0, X-CUBE-AZRTOS-WL_V1.0.0, X-CUBE-BLE1_V6.2.3, X-CUBE-BLE2_V3.3.0, X-CUBE-EEPRMA1_V3.1.1, X-CUBE-GNSS1_V6.0.0, X-CUBE-MEMS1_V9.1.0, X-CUBE-MEMS1_V9.3.0, X-CUBE-NFC4_V2.0.4, X-CUBE-NFC7_V1.0.0, X-CUBE-SFXS2LP1_V4.0.0, X-CUBE-SUBG2_V5.0.0]
2022-08-26 15:16:53,845 [ERROR] LogOutputStream:74 - [STDERR_REDIRECT] SLF4J: Failed to load class "org.slf4j.impl.StaticLoggerBinder".
2022-08-26 15:16:53,846 [ERROR] LogOutputStream:74 - [STDERR_REDIRECT] SLF4J: Defaulting to no-operation (NOP) logger implementation
2022-08-26 15:16:53,858 [ERROR] LogOutputStream:74 - [STDERR_REDIRECT] SLF4J: See http://www.slf4j.org/codes.html#StaticLoggerBinder for further details.
2022-08-26 15:16:54,249 [WARN] PackLoader:242 - Cannot read IP mode file for STMicroelectronics.X-CUBE-GNSS1.6.0.0
2022-08-26 15:16:54,441 [WARN] PackLoader:242 - Cannot read IP mode file for STMicroelectronics.X-CUBE-AZRTOS-F4.1.1.0
2022-08-26 15:16:54,592 [WARN] PackLoader:242 - Cannot read IP mode file for STMicroelectronics.X-CUBE-AZRTOS-F7.1.1.0
2022-08-26 15:16:54,694 [WARN] PackLoader:242 - Cannot read IP mode file for STMicroelectronics.X-CUBE-BLE1.6.2.3
2022-08-26 15:16:54,727 [WARN] PackLoader:242 - Cannot read IP mode file for STMicroelectronics.X-CUBE-BLE1.6.2.2
2022-08-26 15:16:54,750 [WARN] PackLoader:242 - Cannot read IP mode file for STMicroelectronics.X-CUBE-NFC4.2.0.4
2022-08-26 15:16:54,778 [WARN] PackLoader:242 - Cannot read IP mode file for STMicroelectronics.X-CUBE-BLE2.3.2.2
2022-08-26 15:16:54,804 [WARN] PackLoader:242 - Cannot read IP mode file for STMicroelectronics.X-CUBE-NFC4.2.0.3
2022-08-26 15:16:54,862 [WARN] PackLoader:242 - Cannot read IP mode file for STMicroelectronics.X-CUBE-TOF1.3.1.0
2022-08-26 15:16:54,903 [WARN] PackLoader:242 - Cannot read IP mode file for STMicroelectronics.X-CUBE-SFXS2LP1.3.1.0
2022-08-26 15:16:54,975 [WARN] PackLoader:242 - Cannot read IP mode file for STMicroelectronics.X-CUBE-AZRTOS-F4.1.0.0
2022-08-26 15:16:55,041 [WARN] PackLoader:242 - Cannot read IP mode file for STMicroelectronics.X-CUBE-TOF1.2.0.0
2022-08-26 15:16:55,120 [WARN] PackLoader:242 - Cannot read IP mode file for STMicroelectronics.X-CUBE-NFC7.1.0.0
2022-08-26 15:16:55,207 [WARN] PackLoader:242 - Cannot read IP mode file for STMicroelectronics.X-CUBE-SUBG2.4.2.0
2022-08-26 15:16:55,417 [WARN] PackLoader:242 - Cannot read IP mode file for STMicroelectronics.X-CUBE-MEMS1.9.3.0
2022-08-26 15:16:55,856 [WARN] PackLoader:242 - Cannot read IP mode file for STMicroelectronics.X-CUBE-AI.7.2.0
2022-08-26 15:16:55,939 [WARN] PackLoader:242 - Cannot read IP mode file for STMicroelectronics.X-CUBE-SFXS2LP1.4.0.0
2022-08-26 15:16:56,002 [WARN] PackLoader:242 - Cannot read IP mode file for STMicroelectronics.X-CUBE-BLE2.3.3.0
2022-08-26 15:16:56,068 [WARN] PackLoader:242 - Cannot read IP mode file for STMicroelectronics.X-CUBE-DISPLAY.2.2.0
2022-08-26 15:16:56,105 [WARN] PackLoader:242 - Cannot read IP mode file for STMicroelectronics.X-CUBE-TOUCHGFX.4.18.0
2022-08-26 15:16:56,111 [WARN] PackLoader:242 - Cannot read IP mode file for STMicroelectronics.X-CUBE-ISPU.1.0.0
2022-08-26 15:16:56,176 [WARN] PackLoader:242 - Cannot read IP mode file for wolfSSL.I-CUBE-wolfSSL.5.0.0
2022-08-26 15:16:56,227 [WARN] PackLoader:242 - Cannot read IP mode file for RoweBots.I-CUBE-UNISONRTOS.5.5.0-4
2022-08-26 15:16:56,290 [WARN] PackLoader:242 - Cannot read IP mode file for STMicroelectronics.X-CUBE-AZRTOS-H7.2.1.0
2022-08-26 15:16:56,374 [WARN] PackLoader:242 - Cannot read IP mode file for STMicroelectronics.X-CUBE-BLEMGR.1.0.0
2022-08-26 15:16:56,433 [WARN] PackLoader:242 - Cannot read IP mode file for STMicroelectronics.X-CUBE-ALGOBUILD.1.3.0
2022-08-26 15:16:56,479 [WARN] PackLoader:242 - Cannot read IP mode file for STMicroelectronics.X-CUBE-AZRTOS-G0.1.1.0
2022-08-26 15:16:56,559 [WARN] PackLoader:242 - Cannot read IP mode file for STMicroelectronics.X-CUBE-SUBG2.5.0.0
2022-08-26 15:16:56,702 [WARN] PackLoader:242 - Cannot read IP mode file for SEGGER.I-CUBE-embOS.1.2.0
2022-08-26 15:16:56,814 [WARN] PackLoader:242 - Cannot read IP mode file for STMicroelectronics.FP-ATR-ASTRA1.1.1.0
2022-08-26 15:16:56,906 [WARN] PackLoader:242 - Cannot read IP mode file for STMicroelectronics.X-CUBE-AZRTOS-H7.2.0.0
2022-08-26 15:16:56,977 [WARN] PackLoader:242 - Cannot read IP mode file for STMicroelectronics.X-CUBE-AZRTOS-G4.1.0.0
2022-08-26 15:16:57,059 [WARN] PackLoader:242 - Cannot read IP mode file for STMicroelectronics.X-CUBE-AZRTOS-L4.1.0.0
2022-08-26 15:16:57,138 [WARN] PackLoader:242 - Cannot read IP mode file for emotas.I-CUBE-CANOPEN.1.1.2
2022-08-26 15:16:57,179 [WARN] PackLoader:242 - Cannot read IP mode file for STMicroelectronics.X-CUBE-TOUCHGFX.4.20.0
2022-08-26 15:16:57,329 [WARN] PackLoader:242 - Cannot read IP mode file for STMicroelectronics.X-CUBE-AZRTOS-F7.1.0.0
2022-08-26 15:16:57,503 [WARN] PackLoader:242 - Cannot read IP mode file for STMicroelectronics.X-CUBE-AZRTOS-WL.1.0.0
2022-08-26 15:16:57,636 [WARN] PackLoader:242 - Cannot read IP mode file for STMicroelectronics.X-CUBE-MEMS1.9.1.0
2022-08-26 15:16:57,877 [WARN] PackLoader:242 - Cannot read IP mode file for portGmbH.I-Cube-SoM-uGOAL.1.1.0
2022-08-26 15:16:57,908 [WARN] PackLoader:242 - Cannot read IP mode file for STMicroelectronics.X-CUBE-ALS.1.0.1
2022-08-26 15:16:57,963 [WARN] PackLoader:242 - Cannot read IP mode file for STMicroelectronics.X-CUBE-AI.7.0.0
2022-08-26 15:16:58,042 [WARN] PackLoader:242 - Cannot read IP mode file for STMicroelectronics.X-CUBE-AZRTOS-L5.1.0.0
2022-08-26 15:16:58,103 [WARN] PackLoader:242 - Cannot read IP mode file for STMicroelectronics.X-CUBE-EEPRMA1.3.1.0
2022-08-26 15:16:58,146 [WARN] PackLoader:242 - Cannot read IP mode file for STMicroelectronics.X-CUBE-EEPRMA1.3.1.1
2022-08-26 15:16:58,206 [WARN] PackLoader:242 - Cannot read IP mode file for STMicroelectronics.X-CUBE-GNSS1.5.2.0
2022-08-26 15:16:58,247 [WARN] PackLoader:242 - Cannot read IP mode file for STMicroelectronics.X-CUBE-DISPLAY.2.0.0
2022-08-26 15:16:58,261 [INFO] ThirdParty:929 - Integrity check success = true
2022-08-26 15:16:58,261 [INFO] IntegrityCheckThread:98 - exiting critical section [integrity check]
2022-08-26 15:16:58,261 [INFO] IntegrityCheckThread:101 - End integrity checks thread
2022-08-26 15:16:58,740 [INFO] ApiDb:239 - Found 138 in-development CPN: [B-WB1M-WPAN1, NUCLEO-C031C6, STEVAL-STWINBX1, STM320518-EVAL, STM32C0116-DK, STM32C011D6Y3TR, STM32C011D6Y6TR, STM32C011F4P3, STM32C011F4P6, STM32C011F4U3, STM32C011F4U6TR, STM32C011F6P3, STM32C011F6P6, STM32C011F6U3, STM32C011F6U6TR, STM32C011J4M3, STM32C011J4M6, STM32C011J6M3, STM32C011J6M6, STM32C0316-DK, STM32C031C4T3, STM32C031C4T6, STM32C031C4U3, STM32C031C4U6, STM32C031C6T3, STM32C031C6T6, STM32C031C6U3, STM32C031C6U6, STM32C031F4P3, STM32C031F4P6, STM32C031F6P3, STM32C031F6P6, STM32C031G4U3, STM32C031G4U6, STM32C031G6U3, STM32C031G6U6, STM32C031K4T3, STM32C031K4T6, STM32C031K4U3, STM32C031K4U6, STM32C031K6T3, STM32C031K6T6, STM32C031K6U3, STM32C031K6U6, STM32G071K8TXN, STM32G071K8UXN, STM32G081GBU6N, STM32G081KBT6N, STM32G081KBUXN, STM32G0B1CCT6N, STM32G0B1KCT6, STM32G0B1NEY6TR, STM32G0B1RCT6N, STM32G0C1CCT6, STM32G0C1CCT6N, STM32G0C1CCU6N, STM32G0C1CET6N, STM32G0C1CEU6N, STM32G0C1KCT6, STM32G0C1NEY6TR, STM32G0C1RCI6N, STM32G0C1RCT6N, STM32G0C1REI6N, STM32G0C1RET6N, STM32G0C1VCI6, STM32G0C1VEI6, STM32G471CCT6, STM32G471CCU6, STM32G471CET3, STM32G471CET6, STM32G471CEU3, STM32G471CEU6, STM32G471MCT6, STM32G471MET3, STM32G471MET6, STM32G471MEY6TR, STM32G471QCT6, STM32G471QET3, STM32G471RCT6, STM32G471RET3, STM32G471RET6, STM32G471VCH6, STM32G471VCI6, STM32G471VCT6, STM32G471VEH3, STM32G471VEH6, STM32G471VEI3, STM32G471VEI6, STM32G471VET3, STM32G471VET6, STM32G474CCT6, STM32L476VGY6PTR, STM32L4R5QGI6STR, STM32MP131AAE3, STM32MP131AAF3, STM32MP131AAG3, STM32MP131CAE3, STM32MP131CAF3, STM32MP131CAG3, STM32MP131DAE7, STM32MP131DAF7, STM32MP131DAG7, STM32MP131FAE7, STM32MP131FAF7, STM32MP131FAG7, STM32MP133AAE3, STM32MP133AAF3, STM32MP133AAG3, STM32MP133CAE3, STM32MP133CAF3, STM32MP133CAG3, STM32MP133DAE7, STM32MP133DAF7, STM32MP133DAG7, STM32MP133FAE7, STM32MP133FAF7, STM32MP133FAG7, STM32MP135AAE3, STM32MP135AAF3, STM32MP135AAG3, STM32MP135CAE3, STM32MP135CAF3, STM32MP135CAG3, STM32MP135DAE7, STM32MP135DAF7, STM32MP135DAG7, STM32MP135F-DK, STM32MP135FAE7, STM32MP135FAF7, STM32MP135FAG7, STM32U595ZJT6Q, STM32U599BJY6QTR, STM32U599NIH6Q, STM32U599NJH6Q, STM32U5A5ZJT6Q, STM32U5A9BJY6QTR, STM32U5A9NJH6Q, STM32WB1MMCH6]
2022-08-26 15:16:58,747 [INFO] DbMcus:215 - Found 3542 MCUs, 3542 are supported
2022-08-26 15:16:58,764 [INFO] ApiDb:418 - Load user favorites file C:\Users\ebraun/.stm32cubeide/favorites.mcus.txt: 0 item(s)
2022-08-26 15:16:58,766 [INFO] ApiDb:422 - User favorites MCUs=[]
2022-08-26 15:16:58,766 [INFO] DbMcus:221 - Set 0 / 0 favorites MCUs
2022-08-26 15:16:58,771 [INFO] ApiDb:663 - CubeFinder database Data Model version=2.1
2022-08-26 15:16:58,771 [INFO] ApiDb:664 - CubeFinder database Configuration version=3.0.32
2022-08-26 15:16:58,771 [INFO] ApiDb:665 - CubeFinder database generation date=2022-08-05 (1659688109)
2022-08-26 15:16:58,772 [INFO] ApiDb:666 - CubeFinder database FW Pack versions=[STM32Cube_FW_C0_V1.0.0, STM32Cube_FW_F4_V1.27.1, STM32Cube_FW_F7_V1.17.0, STM32Cube_FW_G0_V1.6.1, STM32Cube_FW_G4_V1.5.0, STM32Cube_FW_H7_V1.10.0, STM32Cube_FW_L5_V1.4.0, STM32Cube_FW_U5_V1.1.1, STM32Cube_FW_WB_V1.14.1, STM32Cube_FW_WL_V1.2.0, X-CUBE-ALGOBUILD_V1.3.0, X-CUBE-ALS_V1.0.1, X-CUBE-AZRTOS-F4_V1.1.0, X-CUBE-AZRTOS-F7_V1.1.0, X-CUBE-AZRTOS-G0_V1.1.0, X-CUBE-AZRTOS-G4_V1.0.0, X-CUBE-AZRTOS-H7_V2.1.0, X-CUBE-AZRTOS-L4_V1.0.0, X-CUBE-AZRTOS-L5_V1.0.0, X-CUBE-AZRTOS-WL_V1.0.0, X-CUBE-BLE1_V6.2.3, X-CUBE-BLE2_V3.3.0, X-CUBE-EEPRMA1_V3.1.1, X-CUBE-GNSS1_V6.0.0, X-CUBE-MEMS1_V9.1.0, X-CUBE-MEMS1_V9.3.0, X-CUBE-NFC4_V2.0.4, X-CUBE-NFC7_V1.0.0, X-CUBE-SFXS2LP1_V4.0.0, X-CUBE-SUBG2_V5.0.0]
2022-08-26 15:16:58,896 [INFO] DbBoardsSqlite:227 - include board P-NUCLEO-WB55-NUCLEO as a kit item of type 'Nucleo-64'
2022-08-26 15:16:58,897 [INFO] DbBoardsSqlite:227 - include board P-NUCLEO-WB55-USBDONGLE as a kit item of type 'Nucleo USB Dongle'
2022-08-26 15:16:58,897 [INFO] DbBoardsSqlite:227 - include board STEVAL-IDP005V1 as a kit item of type 'Evaluation Board'
2022-08-26 15:16:58,897 [INFO] DbBoardsSqlite:227 - include board STEVAL-IDP005V2 as a kit item of type 'Evaluation Board'
2022-08-26 15:16:58,912 [INFO] ApiDb:239 - Found 138 in-development CPN: [B-WB1M-WPAN1, NUCLEO-C031C6, STEVAL-STWINBX1, STM320518-EVAL, STM32C0116-DK, STM32C011D6Y3TR, STM32C011D6Y6TR, STM32C011F4P3, STM32C011F4P6, STM32C011F4U3, STM32C011F4U6TR, STM32C011F6P3, STM32C011F6P6, STM32C011F6U3, STM32C011F6U6TR, STM32C011J4M3, STM32C011J4M6, STM32C011J6M3, STM32C011J6M6, STM32C0316-DK, STM32C031C4T3, STM32C031C4T6, STM32C031C4U3, STM32C031C4U6, STM32C031C6T3, STM32C031C6T6, STM32C031C6U3, STM32C031C6U6, STM32C031F4P3, STM32C031F4P6, STM32C031F6P3, STM32C031F6P6, STM32C031G4U3, STM32C031G4U6, STM32C031G6U3, STM32C031G6U6, STM32C031K4T3, STM32C031K4T6, STM32C031K4U3, STM32C031K4U6, STM32C031K6T3, STM32C031K6T6, STM32C031K6U3, STM32C031K6U6, STM32G071K8TXN, STM32G071K8UXN, STM32G081GBU6N, STM32G081KBT6N, STM32G081KBUXN, STM32G0B1CCT6N, STM32G0B1KCT6, STM32G0B1NEY6TR, STM32G0B1RCT6N, STM32G0C1CCT6, STM32G0C1CCT6N, STM32G0C1CCU6N, STM32G0C1CET6N, STM32G0C1CEU6N, STM32G0C1KCT6, STM32G0C1NEY6TR, STM32G0C1RCI6N, STM32G0C1RCT6N, STM32G0C1REI6N, STM32G0C1RET6N, STM32G0C1VCI6, STM32G0C1VEI6, STM32G471CCT6, STM32G471CCU6, STM32G471CET3, STM32G471CET6, STM32G471CEU3, STM32G471CEU6, STM32G471MCT6, STM32G471MET3, STM32G471MET6, STM32G471MEY6TR, STM32G471QCT6, STM32G471QET3, STM32G471RCT6, STM32G471RET3, STM32G471RET6, STM32G471VCH6, STM32G471VCI6, STM32G471VCT6, STM32G471VEH3, STM32G471VEH6, STM32G471VEI3, STM32G471VEI6, STM32G471VET3, STM32G471VET6, STM32G474CCT6, STM32L476VGY6PTR, STM32L4R5QGI6STR, STM32MP131AAE3, STM32MP131AAF3, STM32MP131AAG3, STM32MP131CAE3, STM32MP131CAF3, STM32MP131CAG3, STM32MP131DAE7, STM32MP131DAF7, STM32MP131DAG7, STM32MP131FAE7, STM32MP131FAF7, STM32MP131FAG7, STM32MP133AAE3, STM32MP133AAF3, STM32MP133AAG3, STM32MP133CAE3, STM32MP133CAF3, STM32MP133CAG3, STM32MP133DAE7, STM32MP133DAF7, STM32MP133DAG7, STM32MP133FAE7, STM32MP133FAF7, STM32MP133FAG7, STM32MP135AAE3, STM32MP135AAF3, STM32MP135AAG3, STM32MP135CAE3, STM32MP135CAF3, STM32MP135CAG3, STM32MP135DAE7, STM32MP135DAF7, STM32MP135DAG7, STM32MP135F-DK, STM32MP135FAE7, STM32MP135FAF7, STM32MP135FAG7, STM32U595ZJT6Q, STM32U599BJY6QTR, STM32U599NIH6Q, STM32U599NJH6Q, STM32U5A5ZJT6Q, STM32U5A9BJY6QTR, STM32U5A9NJH6Q, STM32WB1MMCH6]
2022-08-26 15:16:59,158 [INFO] BoardInfo:879 - No configuration file found for board P-NUCLEO-WB55
2022-08-26 15:16:59,158 [INFO] DbBoards:156 - Kit is not supported: P-NUCLEO-WB55
2022-08-26 15:16:59,173 [INFO] BoardInfo:879 - No configuration file found for board STEVAL-BFA001V1B
2022-08-26 15:16:59,174 [INFO] DbBoards:156 - Kit is not supported: STEVAL-BFA001V1B
2022-08-26 15:16:59,175 [INFO] BoardInfo:879 - No configuration file found for board STEVAL-BFA001V2B
2022-08-26 15:16:59,176 [INFO] DbBoards:156 - Kit is not supported: STEVAL-BFA001V2B
2022-08-26 15:16:59,411 [INFO] DbBoards:160 - Found 176 boards, 173 are supported
2022-08-26 15:16:59,422 [INFO] ApiDb:418 - Load user favorites file C:\Users\ebraun/.stm32cubeide/favorites.boards.txt: 0 item(s)
2022-08-26 15:16:59,422 [INFO] ApiDb:422 - User favorites Boards=[]
2022-08-26 15:16:59,423 [INFO] DbBoards:189 - Set 0 / 0 favorites Boards
2022-08-26 15:16:59,429 [INFO] ApiDb:663 - CubeFinder database Data Model version=2.1
2022-08-26 15:16:59,429 [INFO] ApiDb:664 - CubeFinder database Configuration version=3.0.32
2022-08-26 15:16:59,429 [INFO] ApiDb:665 - CubeFinder database generation date=2022-08-05 (1659688109)
2022-08-26 15:16:59,429 [INFO] ApiDb:666 - CubeFinder database FW Pack versions=[STM32Cube_FW_C0_V1.0.0, STM32Cube_FW_F4_V1.27.1, STM32Cube_FW_F7_V1.17.0, STM32Cube_FW_G0_V1.6.1, STM32Cube_FW_G4_V1.5.0, STM32Cube_FW_H7_V1.10.0, STM32Cube_FW_L5_V1.4.0, STM32Cube_FW_U5_V1.1.1, STM32Cube_FW_WB_V1.14.1, STM32Cube_FW_WL_V1.2.0, X-CUBE-ALGOBUILD_V1.3.0, X-CUBE-ALS_V1.0.1, X-CUBE-AZRTOS-F4_V1.1.0, X-CUBE-AZRTOS-F7_V1.1.0, X-CUBE-AZRTOS-G0_V1.1.0, X-CUBE-AZRTOS-G4_V1.0.0, X-CUBE-AZRTOS-H7_V2.1.0, X-CUBE-AZRTOS-L4_V1.0.0, X-CUBE-AZRTOS-L5_V1.0.0, X-CUBE-AZRTOS-WL_V1.0.0, X-CUBE-BLE1_V6.2.3, X-CUBE-BLE2_V3.3.0, X-CUBE-EEPRMA1_V3.1.1, X-CUBE-GNSS1_V6.0.0, X-CUBE-MEMS1_V9.1.0, X-CUBE-MEMS1_V9.3.0, X-CUBE-NFC4_V2.0.4, X-CUBE-NFC7_V1.0.0, X-CUBE-SFXS2LP1_V4.0.0, X-CUBE-SUBG2_V5.0.0]
2022-08-26 15:17:01,003 [INFO] DbExamplesSqlite:374 - Ignored 31 examples not supported by CubeIDE
2022-08-26 15:17:01,003 [INFO] DbExamplesSqlite:375 - Found 6197 examples active
2022-08-26 15:17:01,003 [INFO] DbExamplesSqlite:376 - Found 89 examples obsolete
2022-08-26 15:17:01,003 [INFO] DbExamplesSqlite:377 - Found 0 examples under development
2022-08-26 15:17:01,004 [INFO] DbExamplesSqlite:378 - Found 76 examples not building
2022-08-26 15:17:01,006 [INFO] DbExamples:124 - Found 6242 examples
2022-08-26 15:17:01,074 [INFO] DbExamples:221 - Found 77 boards with related examples
2022-08-26 15:17:01,076 [INFO] DbExamples:234 - Found 64 MCUs with related examples
2022-08-26 15:17:01,162 [INFO] ApiDb:418 - Load user favorites file C:\Users\ebraun/.stm32cubeide/favorites.examples.txt: 0 item(s)
2022-08-26 15:17:01,162 [INFO] ApiDb:422 - User favorites Examples=[]
2022-08-26 15:17:01,163 [INFO] DbExamples:249 - Set 0 / 0 favorites Examples
2022-08-26 15:17:02,610 [INFO] McuFinderGlobals:57 - Set McuFinderConnectedMode to true
2022-08-26 15:17:02,674 [INFO] MultiScanPanel:195 - Auto-refresh data requested => check proxy status ongoing
2022-08-26 15:17:02,680 [INFO] FinderPluginLoader:92 - Searching for filters in installed packs
2022-08-26 15:17:06,531 [INFO] LoadUrlFilesThread:177 - End of LoadServerUrlFiles without Thread
2022-08-26 15:17:06,601 [INFO] DetailPanel:339 - Set advertising image to C:/Users/ebraun/STM32Cube/Repository/\en.Prom_NBSTM32U50921.jpg
2022-08-26 15:17:08,735 [INFO] ToolPreferences:109 - Table McuList, key=mcufinder_cubeide.mculist: column name not found=IO
2022-08-26 15:17:08,735 [INFO] ToolPreferences:109 - Table McuList, key=mcufinder_cubeide.mculist: column name not found=Freq.
2022-08-26 15:17:37,687 [INFO] MultiScanPanel:195 - Auto-refresh data requested => check proxy status ongoing
2022-08-26 15:17:37,906 [INFO] LoadUrlFilesThread:177 - End of LoadServerUrlFiles without Thread
2022-08-26 15:17:37,907 [INFO] DetailPanel:339 - Set advertising image to C:/Users/ebraun/STM32Cube/Repository/\en.Prom_NBSTM32U50921.jpg
2022-08-26 15:17:37,923 [INFO] DbBoards:628 - Loading board mini-images...
2022-08-26 15:17:38,192 [ERROR] DbBoards:648 - No image file defined for board B-WB1M-WPAN1
2022-08-26 15:17:38,192 [ERROR] DbBoards:648 - No image file defined for board NUCLEO-C031C6
2022-08-26 15:17:41,108 [ERROR] DbBoards:648 - No image file defined for board STEVAL-STWINBX1
2022-08-26 15:17:41,210 [ERROR] DbBoards:648 - No image file defined for board STM32091C-EVAL
2022-08-26 15:17:41,210 [ERROR] DbBoards:648 - No image file defined for board STM32100E-EVAL
2022-08-26 15:17:41,211 [ERROR] DbBoards:648 - No image file defined for board STM3210C-EVAL
2022-08-26 15:17:41,241 [ERROR] DbBoards:648 - No image file defined for board STM3221G-EVAL
2022-08-26 15:17:41,241 [ERROR] DbBoards:648 - No image file defined for board STM32303C-EVAL
2022-08-26 15:17:41,456 [ERROR] DbBoards:648 - No image file defined for board STM32479I-EVAL
2022-08-26 15:17:41,456 [ERROR] DbBoards:648 - No image file defined for board STM32746G-EVAL2
2022-08-26 15:17:41,501 [ERROR] DbBoards:648 - No image file defined for board STM32C0116-DK
2022-08-26 15:17:41,501 [ERROR] DbBoards:648 - No image file defined for board STM32C0316-DK
2022-08-26 15:17:41,615 [ERROR] DbBoards:648 - No image file defined for board STM32F401C-DISCO
2022-08-26 15:17:41,775 [ERROR] DbBoards:648 - No image file defined for board STM32F7308-DK
2022-08-26 15:17:41,871 [ERROR] DbBoards:648 - No image file defined for board STM32F779I-EVAL
2022-08-26 15:17:42,253 [ERROR] DbBoards:648 - No image file defined for board STM32H747I-EVAL
2022-08-26 15:17:42,338 [ERROR] DbBoards:648 - No image file defined for board STM32L-DISCOVERY
2022-08-26 15:17:42,436 [ERROR] DbBoards:648 - No image file defined for board STM32L152D-EVAL
2022-08-26 15:17:42,708 [ERROR] DbBoards:648 - No image file defined for board STM32MP135F-DK
2022-08-26 15:17:43,088 [INFO] DbBoards:651 - Loaded 157 board mini-images
2022-08-26 15:19:10,577 [INFO] McuFinderGlobals:57 - Set McuFinderConnectedMode to true
2022-08-26 15:19:10,580 [INFO] ApiDb:443 - Save user favorites file C:\Users\ebraun/.stm32cubeide/favorites.mcus.txt: 0 item(s)
2022-08-26 15:19:10,580 [INFO] ApiDb:447 - User favorites MCUs=[]
2022-08-26 15:19:10,581 [INFO] ApiDb:443 - Save user favorites file C:\Users\ebraun/.stm32cubeide/favorites.boards.txt: 0 item(s)
2022-08-26 15:19:10,581 [INFO] ApiDb:447 - User favorites Boards=[]
2022-08-26 15:20:07,912 [ERROR] LogOutputStream:74 - [STDERR_REDIRECT] 
2022-08-26 15:20:17,375 [INFO] Activator:177 - 


2022-08-26 15:20:17,377 [INFO] Activator:178 - !SESSION log4j initialized
2022-08-26 15:20:52,142 [ERROR] LogOutputStream:74 - [STDERR_REDIRECT] SLF4J: Failed to load class "org.slf4j.impl.StaticLoggerBinder".
2022-08-26 15:20:52,144 [ERROR] LogOutputStream:74 - [STDERR_REDIRECT] SLF4J: Defaulting to no-operation (NOP) logger implementation
2022-08-26 15:20:52,147 [ERROR] LogOutputStream:74 - [STDERR_REDIRECT] SLF4J: See http://www.slf4j.org/codes.html#StaticLoggerBinder for further details.
2022-09-02 13:40:00,208 [INFO] Activator:177 - 


2022-09-02 13:40:00,210 [INFO] Activator:178 - !SESSION log4j initialized
2022-09-02 13:40:32,187 [ERROR] LogOutputStream:74 - [STDERR_REDIRECT] SLF4J: Failed to load class "org.slf4j.impl.StaticLoggerBinder".
2022-09-02 13:40:32,191 [ERROR] LogOutputStream:74 - [STDERR_REDIRECT] SLF4J: Defaulting to no-operation (NOP) logger implementation
2022-09-02 13:40:32,196 [ERROR] LogOutputStream:74 - [STDERR_REDIRECT] SLF4J: See http://www.slf4j.org/codes.html#StaticLoggerBinder for further details.
2022-09-02 16:27:56,830 [INFO] Activator:177 - 


2022-09-02 16:27:56,832 [INFO] Activator:178 - !SESSION log4j initialized
2022-09-02 16:28:30,470 [ERROR] LogOutputStream:74 - [STDERR_REDIRECT] SLF4J: Failed to load class "org.slf4j.impl.StaticLoggerBinder".
2022-09-02 16:28:30,471 [ERROR] LogOutputStream:74 - [STDERR_REDIRECT] SLF4J: Defaulting to no-operation (NOP) logger implementation
2022-09-02 16:28:30,474 [ERROR] LogOutputStream:74 - [STDERR_REDIRECT] SLF4J: See http://www.slf4j.org/codes.html#StaticLoggerBinder for further details.
2022-09-02 16:32:22,380 [INFO] Activator:177 - 


2022-09-02 16:32:22,383 [INFO] Activator:178 - !SESSION log4j initialized
2022-09-02 16:32:55,458 [ERROR] LogOutputStream:74 - [STDERR_REDIRECT] SLF4J: Failed to load class "org.slf4j.impl.StaticLoggerBinder".
2022-09-02 16:32:55,459 [ERROR] LogOutputStream:74 - [STDERR_REDIRECT] SLF4J: Defaulting to no-operation (NOP) logger implementation
2022-09-02 16:32:55,462 [ERROR] LogOutputStream:74 - [STDERR_REDIRECT] SLF4J: See http://www.slf4j.org/codes.html#StaticLoggerBinder for further details.
